<?xml version="1.0" encoding="UTF-8"?>
<testng-results ignored="7" total="8" passed="1" failed="0" skipped="0">
  <reporter-output>
  </reporter-output>
  <suite started-at="2019-11-14T01:42:30 IST" name="Default suite" finished-at="2019-11-14T01:42:42 IST" duration-ms="12211">
    <groups>
    </groups>
    <test started-at="2019-11-14T01:42:30 IST" name="Default test" finished-at="2019-11-14T01:42:42 IST" duration-ms="12211">
      <class name="seleniumTasks.FramesExample">
        <test-method is-config="true" signature="setup()[pri:0, instance:seleniumTasks.FramesExample@3c947bc5]" started-at="2019-11-14T01:42:30 IST" name="setup" finished-at="2019-11-14T01:42:36 IST" duration-ms="6452" status="PASS">
          <reporter-output>
          </reporter-output>
        </test-method> <!-- setup -->
        <test-method signature="notification()[pri:0, instance:seleniumTasks.FramesExample@3c947bc5]" started-at="2019-11-14T01:42:36 IST" name="notification" finished-at="2019-11-14T01:42:42 IST" duration-ms="5721" status="PASS">
          <reporter-output>
          </reporter-output>
        </test-method> <!-- notification -->
      </class> <!-- seleniumTasks.FramesExample -->
    </test> <!-- Default test -->
  </suite> <!-- Default suite -->
</testng-results>
