<?xml version="1.0" encoding="UTF-8"?>
<testng-results ignored="0" total="1" passed="1" failed="0" skipped="0">
  <reporter-output>
  </reporter-output>
  <suite started-at="2019-11-12T23:54:22 IST" name="Default suite" finished-at="2019-11-12T23:54:42 IST" duration-ms="19291">
    <groups>
    </groups>
    <test started-at="2019-11-12T23:54:22 IST" name="Default test" finished-at="2019-11-12T23:54:42 IST" duration-ms="19291">
      <class name="seleniumTasks.ChallengingDom">
        <test-method signature="challengingDom()[pri:0, instance:seleniumTasks.ChallengingDom@4470f8a6]" started-at="2019-11-12T23:54:22 IST" name="challengingDom" finished-at="2019-11-12T23:54:42 IST" duration-ms="19256" status="PASS">
          <reporter-output>
          </reporter-output>
        </test-method> <!-- challengingDom -->
      </class> <!-- seleniumTasks.ChallengingDom -->
    </test> <!-- Default test -->
  </suite> <!-- Default suite -->
</testng-results>
