<?xml version="1.0" encoding="UTF-8"?>
<!-- Generated by org.testng.reporters.JUnitXMLReporter -->
<testsuite hostname="EPINHYDW0238" ignored="0" name="Command line test" tests="4" failures="0" timestamp="2019-12-27T18:15:13 IST" time="223.57" errors="0">
  <testcase name="feature" time="46.692" classname="TestRunner.TestRunner"/>
  <testcase name="feature" time="65.478" classname="TestRunner.TestRunner"/>
  <testcase name="feature" time="58.824" classname="TestRunner.TestRunner"/>
  <testcase name="feature" time="42.779" classname="TestRunner.TestRunner"/>
</testsuite> <!-- Command line test -->
