<?xml version="1.0" encoding="UTF-8"?>
<testng-results skipped="0" failed="0" ignored="2" total="3" passed="1">
  <reporter-output>
  </reporter-output>
  <suite name="Default suite" duration-ms="1682" started-at="2019-12-29T19:07:30 IST" finished-at="2019-12-29T19:07:32 IST">
    <groups>
    </groups>
    <test name="Default test" duration-ms="1682" started-at="2019-12-29T19:07:30 IST" finished-at="2019-12-29T19:07:32 IST">
      <class name="rdportaltest.TestRunner">
        <test-method status="PASS" signature="registerEmpDataTest(java.lang.String)[pri:1, instance:rdportaltest.TestRunner@6f1fba17]" name="registerEmpDataTest" duration-ms="965" started-at="2019-12-29T19:07:31 IST" data-provider="empdata" finished-at="2019-12-29T19:07:32 IST">
          <params>
            <param index="0">
              <value>
                <![CDATA[fss%dfd%2019.0%hh%jj%]]>
              </value>
            </param>
          </params>
          <reporter-output>
          </reporter-output>
        </test-method> <!-- registerEmpDataTest -->
      </class> <!-- rdportaltest.TestRunner -->
    </test> <!-- Default test -->
  </suite> <!-- Default suite -->
</testng-results>
