<?xml version="1.0" encoding="UTF-8"?>
<!-- Generated by org.testng.reporters.JUnitXMLReporter -->
<testsuite ignored="7" hostname="LAPTOP-Q732QR57" failures="0" tests="1" name="Default test" time="12.211" errors="0" timestamp="2019-11-14T01:42:42 IST">
  <testcase classname="seleniumTasks.FramesExample" name="notification" time="5.721"/>
  <testcase classname="seleniumTasks.FramesExample" name="large" time="0.0">
    <ignored/>
  </testcase> <!-- large -->
  <testcase classname="seleniumTasks.FramesExample" name="statuscode" time="0.0">
    <ignored/>
  </testcase> <!-- statuscode -->
  <testcase classname="seleniumTasks.FramesExample" name="typo" time="0.0">
    <ignored/>
  </testcase> <!-- typo -->
  <testcase classname="seleniumTasks.FramesExample" name="inputnumber" time="0.0">
    <ignored/>
  </testcase> <!-- inputnumber -->
  <testcase classname="seleniumTasks.FramesExample" name="frameExample" time="0.0">
    <ignored/>
  </testcase> <!-- frameExample -->
  <testcase classname="seleniumTasks.FramesExample" name="location" time="0.0">
    <ignored/>
  </testcase> <!-- location -->
  <testcase classname="seleniumTasks.FramesExample" name="window" time="0.0">
    <ignored/>
  </testcase> <!-- window -->
</testsuite> <!-- Default test -->
