<?xml version="1.0" encoding="UTF-8"?>
<testsuite xmlns:xsi="http://www.w3.org/2001/XMLSchema-instance" xsi:noNamespaceSchemaLocation="https://maven.apache.org/surefire/maven-surefire-plugin/xsd/surefire-test-report.xsd" name="TestSuite" time="11.286" tests="22" errors="0" skipped="3" failures="1">
  <properties>
[...]
</properties>
  <testcase name="get" classname="testcases.TC005_Auth" time="0.081"/>
  <testcase name="CheckResponseBody" classname="testcases.TC002_Get_Single_Employee_Data" time="0">
    <skipped message="expected [true] but found [false]"/>
  </testcase>
  <testcase name="CheckResponseBody" classname="testcases.TC002_Get_Single_Employee_Data" time="0">
    <skipped message="expected [true] but found [false]"/>
    <system-out><![CDATA[I am in onTestSkipped method CheckResponseBody skipped
I am in onTestStart method CheckResponseBody start
I am in onTestStart method CheckResponseBody start
[TestNG-test=Test-2] INFO  RestAssured  - ******checking Response Body**************
[TestNG-test=Test-2] INFO  RestAssured  - Response Body===>{
    "FaultId": "OPERATION_SUCCESS",
    "Fault": "Operation completed successfully",
    "Username:Password": "ToolsQA:TestPassword",
    "Authentication Type": "Basic"
}
I am in onTestSkipped method CheckResponseBody skipped
]]></system-out>
  </testcase>
  <testcase name="CheckResponseBody" classname="testcases.TC002_Get_Single_Employee_Data" time="0">
    <skipped message="expected [true] but found [false]"/>
    <system-out><![CDATA[I am in onTestSuccess method CheckResponseTime succeed
I am in onTestSkipped method CheckResponseBody skipped
I am in onTestStart method CheckResponseBody start
I am in onTestStart method CheckResponseBody start
[TestNG-test=Test-2] INFO  RestAssured  - ******checking Response Body**************
[TestNG-test=Test-2] INFO  RestAssured  - Response Body===>{
    "FaultId": "OPERATION_SUCCESS",
    "Fault": "Operation completed successfully",
    "Username:Password": "ToolsQA:TestPassword",
    "Authentication Type": "Basic"
}
I am in onTestSkipped method CheckResponseBody skipped
]]></system-out>
  </testcase>
  <testcase name="CheckResponseBody" classname="testcases.TC002_Get_Single_Employee_Data" time="0.014">
    <failure message="expected [true] but found [false]" type="java.lang.AssertionError">java.lang.AssertionError: expected [true] but found [false]
	at testcases.TC002_Get_Single_Employee_Data.CheckResponseBody(TC002_Get_Single_Employee_Data.java:26)
</failure>
    <system-out><![CDATA[I am in onTestSuccess method get succeed
I am in onTestSuccess method CheckStatusCode succeed
I am in onTestSkipped method CheckResponseBody skipped
I am in onTestStart method CheckResponseBody start
I am in onTestStart method CheckResponseBody start
[TestNG-test=Test-2] INFO  RestAssured  - ******checking Response Body**************
[TestNG-test=Test-2] INFO  RestAssured  - Response Body===>{
    "FaultId": "OPERATION_SUCCESS",
    "Fault": "Operation completed successfully",
    "Username:Password": "ToolsQA:TestPassword",
    "Authentication Type": "Basic"
}
I am in onTestFailure method CheckResponseBody failed
]]></system-out>
  </testcase>
  <testcase name="CheckStatusCode" classname="testcases.TC002_Get_Single_Employee_Data" time="0.105"/>
  <testcase name="CheckResponseTime" classname="testcases.TC002_Get_Single_Employee_Data" time="0.107"/>
  <testcase name="postEmployee" classname="testcases.TC003_Post_Employee_Record" time="0.766"/>
  <testcase name="postEmployee" classname="testcases.TC003_Post_Employee_Record" time="0.864"/>
  <testcase name="postEmployee" classname="testcases.TC003_Post_Employee_Record" time="0.68"/>
  <testcase name="postEmployee" classname="testcases.TC003_Post_Employee_Record" time="0.426"/>
  <testcase name="postEmployee" classname="testcases.TC003_Post_Employee_Record" time="0.923"/>
  <testcase name="postEmployee" classname="testcases.TC003_Post_Employee_Record" time="0.974"/>
  <testcase name="CheckResponseBody" classname="testcases.TC001_Get_All_Employees" time="0.014"/>
  <testcase name="CheckStatusCode" classname="testcases.TC001_Get_All_Employees" time="0.007"/>
  <testcase name="CheckResponseTime" classname="testcases.TC001_Get_All_Employees" time="0.012"/>
  <testcase name="get" classname="testcases.TC003_GET_Header" time="0.298"/>
  <testcase name="UpdateRecords" classname="testcases.TC004_PutEmployee_Record" time="0.347"/>
  <testcase name="UpdateRecords" classname="testcases.TC004_PutEmployee_Record" time="0.612"/>
  <testcase name="CheckResponseBody" classname="testcases.TC006_Delete_Emp_Record" time="0.009"/>
  <testcase name="CheckResponseTime" classname="testcases.TC006_Delete_Emp_Record" time="0.013"/>
  <testcase name="CheckStatusCode" classname="testcases.TC006_Delete_Emp_Record" time="0.013"/>
</testsuite>