<?xml version="1.0" encoding="UTF-8"?>
<!-- Generated by org.testng.reporters.JUnitXMLReporter -->
<testsuite ignored="0" hostname="LAPTOP-Q732QR57" failures="1" tests="22" name="Test" time="9.202" errors="0" timestamp="2019-12-08T21:46:37 IST">
  <testcase classname="testcases.TC005_Auth" name="get" time="2.82"/>
  <testcase classname="testcases.TC002_Get_Single_Employee_Data" name="CheckResponseBody" time="0.062">
    <skipped/>
  </testcase> <!-- CheckResponseBody -->
  <testcase classname="testcases.TC002_Get_Single_Employee_Data" name="CheckStatusCode" time="0.007"/>
  <testcase classname="testcases.TC002_Get_Single_Employee_Data" name="CheckResponseTime" time="0.03"/>
  <testcase classname="testcases.TC002_Get_Single_Employee_Data" name="CheckResponseBody" time="0.004">
    <skipped/>
  </testcase> <!-- CheckResponseBody -->
  <testcase classname="testcases.TC002_Get_Single_Employee_Data" name="CheckResponseBody" time="0.003">
    <skipped/>
  </testcase> <!-- CheckResponseBody -->
  <testcase classname="testcases.TC002_Get_Single_Employee_Data" name="CheckResponseBody" time="0.003">
    <failure type="java.lang.AssertionError" message="expected [true] but found [false]">
      <![CDATA[java.lang.AssertionError: expected [true] but found [false]
at testcases.TC002_Get_Single_Employee_Data.CheckResponseBody(TC002_Get_Single_Employee_Data.java:26)
at java.base/java.util.concurrent.ThreadPoolExecutor.runWorker(ThreadPoolExecutor.java:1128)
at java.base/java.util.concurrent.ThreadPoolExecutor$Worker.run(ThreadPoolExecutor.java:628)
at java.base/java.lang.Thread.run(Thread.java:834)
... Removed 17 stack frames]]>
    </failure>
  </testcase> <!-- CheckResponseBody -->
  <testcase classname="testcases.TC003_Post_Employee_Record" name="postEmployee" time="2.576"/>
  <testcase classname="testcases.TC001_Get_All_Employees" name="CheckResponseBody" time="0.02"/>
  <testcase classname="testcases.TC001_Get_All_Employees" name="CheckStatusCode" time="0.008"/>
  <testcase classname="testcases.TC001_Get_All_Employees" name="CheckResponseTime" time="0.01"/>
  <testcase classname="testcases.TC003_Post_Employee_Record" name="postEmployee" time="1.003"/>
  <testcase classname="testcases.TC003_GET_Header" name="get" time="1.17"/>
  <testcase classname="testcases.TC003_Post_Employee_Record" name="postEmployee" time="1.074"/>
  <testcase classname="testcases.TC004_PutEmployee_Record" name="UpdateRecords" time="1.033"/>
  <testcase classname="testcases.TC006_Delete_Emp_Record" name="CheckResponseBody" time="0.002"/>
  <testcase classname="testcases.TC006_Delete_Emp_Record" name="CheckResponseTime" time="0.005"/>
  <testcase classname="testcases.TC006_Delete_Emp_Record" name="CheckStatusCode" time="0.005"/>
  <testcase classname="testcases.TC003_Post_Employee_Record" name="postEmployee" time="0.98"/>
  <testcase classname="testcases.TC004_PutEmployee_Record" name="UpdateRecords" time="1.193"/>
  <testcase classname="testcases.TC003_Post_Employee_Record" name="postEmployee" time="0.918"/>
  <testcase classname="testcases.TC003_Post_Employee_Record" name="postEmployee" time="0.972"/>
</testsuite> <!-- Test -->
