<?xml version="1.0" encoding="UTF-8"?>
<!-- Generated by org.testng.reporters.JUnitXMLReporter -->
<testsuite hostname="EPINHYDW0238" ignored="0" name="Test" tests="19" failures="0" timestamp="2019-12-09T10:35:33 IST" time="29.875" errors="0">
  <testcase name="get" time="1.852" classname="testcases.TC005_Auth"/>
  <testcase name="CheckResponseBody" time="0.009" classname="testcases.TC002_Get_Single_Employee_Data"/>
  <testcase name="CheckResponseTime" time="0.003" classname="testcases.TC002_Get_Single_Employee_Data"/>
  <testcase name="CheckStatusCode" time="0.003" classname="testcases.TC002_Get_Single_Employee_Data"/>
  <testcase name="postEmployee" time="0.893" classname="testcases.TC003_Post_Employee_Record"/>
  <testcase name="postEmployee" time="0.863" classname="testcases.TC003_Post_Employee_Record"/>
  <testcase name="postEmployee" time="0.846" classname="testcases.TC003_Post_Employee_Record"/>
  <testcase name="postEmployee" time="0.844" classname="testcases.TC003_Post_Employee_Record"/>
  <testcase name="postEmployee" time="0.859" classname="testcases.TC003_Post_Employee_Record"/>
  <testcase name="postEmployee" time="0.863" classname="testcases.TC003_Post_Employee_Record"/>
  <testcase name="CheckResponseBody" time="0.008" classname="testcases.TC001_Get_All_Employees"/>
  <testcase name="CheckResponseTime" time="0.007" classname="testcases.TC001_Get_All_Employees"/>
  <testcase name="CheckStatusCode" time="0.005" classname="testcases.TC001_Get_All_Employees"/>
  <testcase name="CheckResponseBody" time="0.007" classname="testcases.TC006_Delete_Emp_Record"/>
  <testcase name="CheckResponseTime" time="0.004" classname="testcases.TC006_Delete_Emp_Record"/>
  <testcase name="CheckStatusCode" time="0.003" classname="testcases.TC006_Delete_Emp_Record"/>
  <testcase name="get" time="0.68" classname="testcases.TC003_GET_Header"/>
  <testcase name="UpdateRecords" time="0.911" classname="testcases.TC004_PutEmployee_Record"/>
  <testcase name="UpdateRecords" time="0.864" classname="testcases.TC004_PutEmployee_Record"/>
</testsuite> <!-- Test -->
