<?xml version="1.0" encoding="UTF-8"?>
<!-- Generated by org.testng.reporters.JUnitXMLReporter -->
<testsuite ignored="0" hostname="LAPTOP-Q732QR57" failures="0" tests="19" name="Test" time="18.483" errors="0" timestamp="2019-12-08T21:52:50 IST">
  <testcase classname="testcases.TC005_Auth" name="get" time="2.243"/>
  <testcase classname="testcases.TC002_Get_Single_Employee_Data" name="CheckResponseBody" time="0.017"/>
  <testcase classname="testcases.TC002_Get_Single_Employee_Data" name="CheckResponseTime" time="0.009"/>
  <testcase classname="testcases.TC002_Get_Single_Employee_Data" name="CheckStatusCode" time="0.004"/>
  <testcase classname="testcases.TC003_Post_Employee_Record" name="postEmployee" time="1.129"/>
  <testcase classname="testcases.TC003_Post_Employee_Record" name="postEmployee" time="0.93"/>
  <testcase classname="testcases.TC003_Post_Employee_Record" name="postEmployee" time="0.963"/>
  <testcase classname="testcases.TC003_Post_Employee_Record" name="postEmployee" time="0.955"/>
  <testcase classname="testcases.TC003_Post_Employee_Record" name="postEmployee" time="0.936"/>
  <testcase classname="testcases.TC003_Post_Employee_Record" name="postEmployee" time="0.973"/>
  <testcase classname="testcases.TC001_Get_All_Employees" name="CheckResponseBody" time="0.003"/>
  <testcase classname="testcases.TC001_Get_All_Employees" name="CheckResponseTime" time="0.002"/>
  <testcase classname="testcases.TC001_Get_All_Employees" name="CheckStatusCode" time="0.003"/>
  <testcase classname="testcases.TC006_Delete_Emp_Record" name="CheckResponseBody" time="0.009"/>
  <testcase classname="testcases.TC006_Delete_Emp_Record" name="CheckResponseTime" time="0.004"/>
  <testcase classname="testcases.TC006_Delete_Emp_Record" name="CheckStatusCode" time="0.003"/>
  <testcase classname="testcases.TC003_GET_Header" name="get" time="1.245"/>
  <testcase classname="testcases.TC004_PutEmployee_Record" name="UpdateRecords" time="1.259"/>
  <testcase classname="testcases.TC004_PutEmployee_Record" name="UpdateRecords" time="1.233"/>
</testsuite> <!-- Test -->
