<?xml version="1.0" encoding="UTF-8"?>
<!-- Generated by org.testng.reporters.JUnitXMLReporter -->
<testsuite hostname="LAPTOP-Q732QR57" ignored="2" name="Default test" tests="1" failures="0" timestamp="2019-12-29T19:07:32 IST" time="1.682" errors="0">
  <testcase name="registerEmpDataTest" time="0.965" classname="rdportaltest.TestRunner"/>
  <testcase name="deleteEmpDataTest" time="0.0" classname="rdportaltest.TestRunner">
    <ignored/>
  </testcase> <!-- deleteEmpDataTest -->
  <testcase name="updateEmpDataTest" time="0.0" classname="rdportaltest.TestRunner">
    <ignored/>
  </testcase> <!-- updateEmpDataTest -->
</testsuite> <!-- Default test -->
