<?xml version="1.0" encoding="UTF-8"?>
<!-- Generated by org.testng.reporters.JUnitXMLReporter -->
<testsuite hostname="LAPTOP-Q732QR57" ignored="0" name="Test" tests="17" failures="0" timestamp="2019-12-08T18:47:36 IST" time="17.141" errors="0">
  <testcase name="get" time="2.714" classname="testcases.TC005_Auth"/>
  <testcase name="CheckResponseBody" time="0.014" classname="testcases.TC002_Get_Single_Employee_Data"/>
  <testcase name="CheckResponseTime" time="0.003" classname="testcases.TC002_Get_Single_Employee_Data"/>
  <testcase name="CheckStatusCode" time="0.002" classname="testcases.TC002_Get_Single_Employee_Data"/>
  <testcase name="postEmployee" time="1.023" classname="testcases.TC003_Post_Employee_Record"/>
  <testcase name="postEmployee" time="0.902" classname="testcases.TC003_Post_Employee_Record"/>
  <testcase name="postEmployee" time="1.227" classname="testcases.TC003_Post_Employee_Record"/>
  <testcase name="postEmployee" time="0.965" classname="testcases.TC003_Post_Employee_Record"/>
  <testcase name="postEmployee" time="0.941" classname="testcases.TC003_Post_Employee_Record"/>
  <testcase name="CheckResponseBody" time="0.003" classname="testcases.TC001_Get_All_Employees"/>
  <testcase name="CheckResponseTime" time="0.002" classname="testcases.TC001_Get_All_Employees"/>
  <testcase name="CheckStatusCode" time="0.003" classname="testcases.TC001_Get_All_Employees"/>
  <testcase name="CheckResponseBody" time="0.004" classname="testcases.TC006_Delete_Emp_Record"/>
  <testcase name="CheckResponseTime" time="0.004" classname="testcases.TC006_Delete_Emp_Record"/>
  <testcase name="CheckStatusCode" time="0.003" classname="testcases.TC006_Delete_Emp_Record"/>
  <testcase name="get" time="1.176" classname="testcases.TC003_GET_Header"/>
  <testcase name="UpdateRecords" time="1.281" classname="testcases.TC004_PutEmployee_Record"/>
</testsuite> <!-- Test -->
