<?xml version="1.0" encoding="UTF-8"?>
<testng-results skipped="0" failed="0" ignored="0" total="2" passed="2">
  <reporter-output>
  </reporter-output>
  <suite name="Default suite" duration-ms="79058" started-at="2019-11-26T23:36:20 IST" finished-at="2019-11-26T23:37:39 IST">
    <groups>
    </groups>
    <test name="Default test" duration-ms="79058" started-at="2019-11-26T23:36:20 IST" finished-at="2019-11-26T23:37:39 IST">
      <class name="TestRunner.TestRunner">
        <test-method status="PASS" signature="setupSuite()[pri:0, instance:TestRunner.TestRunner@7cbd213e]" name="setupSuite" is-config="true" duration-ms="192" started-at="2019-11-26T23:36:20 IST" finished-at="2019-11-26T23:36:20 IST">
          <reporter-output>
          </reporter-output>
        </test-method> <!-- setupSuite -->
        <test-method status="PASS" signature="setUpClass()[pri:0, instance:TestRunner.TestRunner@7cbd213e]" name="setUpClass" is-config="true" duration-ms="358" started-at="2019-11-26T23:36:20 IST" finished-at="2019-11-26T23:36:21 IST">
          <reporter-output>
          </reporter-output>
        </test-method> <!-- setUpClass -->
        <test-method status="PASS" signature="feature(cucumber.api.testng.CucumberFeatureWrapper)[pri:0, instance:TestRunner.TestRunner@7cbd213e]" name="feature" duration-ms="77369" started-at="2019-11-26T23:36:21 IST" description="Runs Cucumber Feature" data-provider="features" finished-at="2019-11-26T23:37:38 IST">
          <params>
            <param index="0">
              <value>
                <![CDATA[Flights Booking]]>
              </value>
            </param>
          </params>
          <reporter-output>
          </reporter-output>
        </test-method> <!-- feature -->
        <test-method status="PASS" signature="feature(cucumber.api.testng.CucumberFeatureWrapper)[pri:0, instance:TestRunner.TestRunner@7cbd213e]" name="feature" duration-ms="77230" started-at="2019-11-26T23:36:21 IST" description="Runs Cucumber Feature" data-provider="features" finished-at="2019-11-26T23:37:38 IST">
          <params>
            <param index="0">
              <value>
                <![CDATA[HotelBooking]]>
              </value>
            </param>
          </params>
          <reporter-output>
          </reporter-output>
        </test-method> <!-- feature -->
        <test-method status="PASS" signature="ScreenShotOnFailure(org.testng.ITestResult)[pri:0, instance:TestRunner.TestRunner@7cbd213e]" name="ScreenShotOnFailure" is-config="true" duration-ms="1199" started-at="2019-11-26T23:37:38 IST" finished-at="2019-11-26T23:37:39 IST">
          <params>
            <param index="0">
              <value>
                <![CDATA[[TestResult name=feature status=SUCCESS method=TestRunner.feature(cucumber.api.testng.CucumberFeatureWrapper)[pri:0, instance:TestRunner.TestRunner@7cbd213e] output={null}]]]>
              </value>
            </param>
          </params>
          <reporter-output>
          </reporter-output>
        </test-method> <!-- ScreenShotOnFailure -->
        <test-method status="PASS" signature="ScreenShotOnFailure(org.testng.ITestResult)[pri:0, instance:TestRunner.TestRunner@7cbd213e]" name="ScreenShotOnFailure" is-config="true" duration-ms="1185" started-at="2019-11-26T23:37:38 IST" finished-at="2019-11-26T23:37:39 IST">
          <params>
            <param index="0">
              <value>
                <![CDATA[[TestResult name=feature status=SUCCESS method=TestRunner.feature(cucumber.api.testng.CucumberFeatureWrapper)[pri:0, instance:TestRunner.TestRunner@7cbd213e] output={null}]]]>
              </value>
            </param>
          </params>
          <reporter-output>
          </reporter-output>
        </test-method> <!-- ScreenShotOnFailure -->
        <test-method status="PASS" signature="tearDownClass()[pri:0, instance:TestRunner.TestRunner@7cbd213e]" name="tearDownClass" is-config="true" duration-ms="0" started-at="2019-11-26T23:37:39 IST" finished-at="2019-11-26T23:37:39 IST">
          <reporter-output>
          </reporter-output>
        </test-method> <!-- tearDownClass -->
      </class> <!-- TestRunner.TestRunner -->
    </test> <!-- Default test -->
  </suite> <!-- Default suite -->
</testng-results>
