<?xml version="1.0" encoding="UTF-8"?>
<!-- Generated by org.testng.reporters.JUnitXMLReporter -->
<testsuite hostname="LAPTOP-Q732QR57" ignored="6" name="Default test" tests="1" failures="0" timestamp="2019-12-04T23:31:17 IST" time="55.095" errors="0">
  <testcase name="checckFlights" time="54.16" classname="com.epam.makeMytripTests.FlightsCheckingController"/>
  <testcase name="FillUserdata" time="0.0" classname="com.epam.makeMytripTests.FlightsCheckingController">
    <ignored/>
  </testcase> <!-- FillUserdata -->
  <testcase name="proceedToBook" time="0.0" classname="com.epam.makeMytripTests.FlightsCheckingController">
    <ignored/>
  </testcase> <!-- proceedToBook -->
  <testcase name="checkingInDeals" time="0.0" classname="com.epam.makeMytripTests.FlightsCheckingController">
    <ignored/>
  </testcase> <!-- checkingInDeals -->
  <testcase name="applyFilters" time="0.0" classname="com.epam.makeMytripTests.FlightsCheckingController">
    <ignored/>
  </testcase> <!-- applyFilters -->
  <testcase name="reviewAndContinue" time="0.0" classname="com.epam.makeMytripTests.FlightsCheckingController">
    <ignored/>
  </testcase> <!-- reviewAndContinue -->
  <testcase name="checkProgressbar" time="0.0" classname="com.epam.makeMytripTests.FlightsCheckingController">
    <ignored/>
  </testcase> <!-- checkProgressbar -->
</testsuite> <!-- Default test -->
