<?xml version="1.0" encoding="UTF-8"?>
<testng-results ignored="1" total="2" passed="1" failed="0" skipped="0">
  <reporter-output>
  </reporter-output>
  <suite started-at="2019-11-15T00:34:20 IST" name="Default suite" finished-at="2019-11-15T00:35:37 IST" duration-ms="77297">
    <groups>
    </groups>
    <test started-at="2019-11-15T00:34:20 IST" name="Default test" finished-at="2019-11-15T00:35:37 IST" duration-ms="77297">
      <class name="com.epam.seleniumHomeTask_2.MakeMyTripFactory">
        <test-method is-config="true" signature="setup()[pri:0, instance:com.epam.seleniumHomeTask_2.MakeMyTripFactory@3541cb24]" started-at="2019-11-15T00:34:20 IST" name="setup" finished-at="2019-11-15T00:34:30 IST" duration-ms="10068" status="PASS">
          <reporter-output>
          </reporter-output>
        </test-method> <!-- setup -->
        <test-method signature="checkBrokenLinks()[pri:0, instance:com.epam.seleniumHomeTask_2.MakeMyTripFactory@3541cb24]" started-at="2019-11-15T00:34:30 IST" name="checkBrokenLinks" finished-at="2019-11-15T00:35:37 IST" duration-ms="67091" status="PASS">
          <reporter-output>
          </reporter-output>
        </test-method> <!-- checkBrokenLinks -->
      </class> <!-- com.epam.seleniumHomeTask_2.MakeMyTripFactory -->
    </test> <!-- Default test -->
  </suite> <!-- Default suite -->
</testng-results>
