<?xml version="1.0" encoding="UTF-8"?>
<testng-results skipped="0" failed="0" ignored="0" total="1" passed="1">
  <reporter-output>
  </reporter-output>
  <suite name="Default suite" duration-ms="946" started-at="2019-12-05T18:05:28 IST" finished-at="2019-12-05T18:05:29 IST">
    <groups>
    </groups>
    <test name="Default test" duration-ms="946" started-at="2019-12-05T18:05:28 IST" finished-at="2019-12-05T18:05:29 IST">
      <class name="testRunner.TestRunner">
        <test-method status="PASS" signature="setUpClass()[pri:0, instance:testRunner.TestRunner@4d3167f4]" name="setUpClass" is-config="true" duration-ms="621" started-at="2019-12-05T18:05:28 IST" finished-at="2019-12-05T18:05:28 IST">
          <reporter-output>
          </reporter-output>
        </test-method> <!-- setUpClass -->
        <test-method status="PASS" signature="feature(cucumber.api.testng.CucumberFeatureWrapper)[pri:0, instance:testRunner.TestRunner@4d3167f4]" name="feature" duration-ms="16" started-at="2019-12-05T18:05:28 IST" description="Runs Cucumber Feature" data-provider="features" finished-at="2019-12-05T18:05:28 IST">
          <params>
            <param index="0">
              <value>
                <![CDATA[Movie Booking Location Feature]]>
              </value>
            </param>
          </params>
          <reporter-output>
          </reporter-output>
        </test-method> <!-- feature -->
        <test-method status="PASS" signature="tearDownClass()[pri:0, instance:testRunner.TestRunner@4d3167f4]" name="tearDownClass" is-config="true" duration-ms="84" started-at="2019-12-05T18:05:28 IST" finished-at="2019-12-05T18:05:29 IST">
          <reporter-output>
          </reporter-output>
        </test-method> <!-- tearDownClass -->
      </class> <!-- testRunner.TestRunner -->
    </test> <!-- Default test -->
  </suite> <!-- Default suite -->
</testng-results>
