<?xml version="1.0" encoding="UTF-8"?>
<testng-results ignored="0" total="1" passed="1" failed="0" skipped="0">
  <reporter-output>
  </reporter-output>
  <suite started-at="2019-11-07T20:31:37 IST" name="Default suite" finished-at="2019-11-07T20:31:41 IST" duration-ms="4506">
    <groups>
    </groups>
    <test started-at="2019-11-07T20:31:37 IST" name="Default test" finished-at="2019-11-07T20:31:41 IST" duration-ms="4506">
      <class name="com.epam.apiTesting.PostChecking">
        <test-method signature="postcheck()[pri:0, instance:com.epam.apiTesting.PostChecking@65b3f4a4]" started-at="2019-11-07T20:31:37 IST" name="postcheck" finished-at="2019-11-07T20:31:41 IST" duration-ms="4457" status="PASS">
          <reporter-output>
          </reporter-output>
        </test-method> <!-- postcheck -->
      </class> <!-- com.epam.apiTesting.PostChecking -->
    </test> <!-- Default test -->
  </suite> <!-- Default suite -->
</testng-results>
