<?xml version="1.0" encoding="UTF-8"?>
<testng-results ignored="0" total="3" passed="3" failed="0" skipped="0">
  <reporter-output>
  </reporter-output>
  <suite started-at="2019-12-08T21:47:39 IST" name="Default suite" finished-at="2019-12-08T21:47:43 IST" duration-ms="4025">
    <groups>
    </groups>
    <test started-at="2019-12-08T21:47:39 IST" name="Default test" finished-at="2019-12-08T21:47:43 IST" duration-ms="4025">
      <class name="testcases.TC001_Get_All_Employees">
        <test-method is-config="true" signature="setUp()[pri:0, instance:testcases.TC001_Get_All_Employees@6b03c35c]" started-at="2019-12-08T21:47:39 IST" name="setUp" finished-at="2019-12-08T21:47:39 IST" duration-ms="205" status="PASS">
          <reporter-output>
          </reporter-output>
        </test-method> <!-- setUp -->
        <test-method is-config="true" signature="getEmployees()[pri:0, instance:testcases.TC001_Get_All_Employees@6b03c35c]" started-at="2019-12-08T21:47:39 IST" name="getEmployees" finished-at="2019-12-08T21:47:42 IST" duration-ms="3245" status="PASS">
          <reporter-output>
          </reporter-output>
        </test-method> <!-- getEmployees -->
        <test-method signature="CheckResponseBody()[pri:0, instance:testcases.TC001_Get_All_Employees@6b03c35c]" started-at="2019-12-08T21:47:42 IST" name="CheckResponseBody" finished-at="2019-12-08T21:47:43 IST" duration-ms="213" status="PASS">
          <reporter-output>
          </reporter-output>
        </test-method> <!-- CheckResponseBody -->
        <test-method signature="CheckResponseTime()[pri:0, instance:testcases.TC001_Get_All_Employees@6b03c35c]" started-at="2019-12-08T21:47:43 IST" name="CheckResponseTime" finished-at="2019-12-08T21:47:43 IST" duration-ms="13" status="PASS">
          <reporter-output>
          </reporter-output>
        </test-method> <!-- CheckResponseTime -->
        <test-method signature="CheckStatusCode()[pri:0, instance:testcases.TC001_Get_All_Employees@6b03c35c]" started-at="2019-12-08T21:47:43 IST" name="CheckStatusCode" finished-at="2019-12-08T21:47:43 IST" duration-ms="6" status="PASS">
          <reporter-output>
          </reporter-output>
        </test-method> <!-- CheckStatusCode -->
        <test-method is-config="true" signature="tearDown()[pri:0, instance:testcases.TC001_Get_All_Employees@6b03c35c]" started-at="2019-12-08T21:47:43 IST" name="tearDown" finished-at="2019-12-08T21:47:43 IST" duration-ms="2" status="PASS">
          <reporter-output>
          </reporter-output>
        </test-method> <!-- tearDown -->
      </class> <!-- testcases.TC001_Get_All_Employees -->
    </test> <!-- Default test -->
  </suite> <!-- Default suite -->
</testng-results>
