<?xml version="1.0" encoding="UTF-8"?>
<!-- Generated by org.testng.reporters.JUnitXMLReporter -->
<testsuite ignored="1" hostname="LAPTOP-Q732QR57" failures="0" tests="1" name="Default test" time="77.297" errors="0" timestamp="2019-11-15T00:35:37 IST">
  <testcase classname="com.epam.seleniumHomeTask_2.MakeMyTripFactory" name="checkBrokenLinks" time="67.091"/>
  <testcase classname="com.epam.seleniumHomeTask_2.MakeMyTripFactory" name="TestflightNavBar" time="0.0">
    <ignored/>
  </testcase> <!-- TestflightNavBar -->
</testsuite> <!-- Default test -->
