<?xml version="1.0" encoding="UTF-8"?>
<testng-results skipped="0" failed="0" ignored="6" total="7" passed="1">
  <reporter-output>
  </reporter-output>
  <suite name="Default suite" duration-ms="55095" started-at="2019-12-04T23:30:21 IST" finished-at="2019-12-04T23:31:16 IST">
    <groups>
    </groups>
    <test name="Default test" duration-ms="55095" started-at="2019-12-04T23:30:21 IST" finished-at="2019-12-04T23:31:16 IST">
      <class name="com.epam.makeMytripTests.FlightsCheckingController">
        <test-method status="PASS" signature="setupSuite()[pri:0, instance:com.epam.makeMytripTests.FlightsCheckingController@20d28811]" name="setupSuite" is-config="true" duration-ms="818" started-at="2019-12-04T23:30:21 IST" finished-at="2019-12-04T23:30:21 IST">
          <reporter-output>
          </reporter-output>
        </test-method> <!-- setupSuite -->
        <test-method status="PASS" signature="checckFlights(java.lang.String)[pri:1, instance:com.epam.makeMytripTests.FlightsCheckingController@20d28811]" name="checckFlights" duration-ms="54160" started-at="2019-12-04T23:30:21 IST" data-provider="browsers" finished-at="2019-12-04T23:31:16 IST">
          <params>
            <param index="0">
              <value>
                <![CDATA[Chrome]]>
              </value>
            </param>
          </params>
          <reporter-output>
          </reporter-output>
        </test-method> <!-- checckFlights -->
        <test-method status="PASS" signature="ScreenShotOnFailure(org.testng.ITestResult)[pri:0, instance:com.epam.makeMytripTests.FlightsCheckingController@20d28811]" name="ScreenShotOnFailure" is-config="true" duration-ms="2" started-at="2019-12-04T23:31:16 IST" finished-at="2019-12-04T23:31:16 IST">
          <params>
            <param index="0">
              <value>
                <![CDATA[[TestResult name=checckFlights status=SUCCESS method=FlightsCheckingController.checckFlights(java.lang.String)[pri:1, instance:com.epam.makeMytripTests.FlightsCheckingController@20d28811] output={null}]]]>
              </value>
            </param>
          </params>
          <reporter-output>
          </reporter-output>
        </test-method> <!-- ScreenShotOnFailure -->
        <test-method status="PASS" signature="tearDown()[pri:0, instance:com.epam.makeMytripTests.FlightsCheckingController@20d28811]" name="tearDown" is-config="true" duration-ms="724" started-at="2019-12-04T23:31:16 IST" finished-at="2019-12-04T23:31:16 IST">
          <reporter-output>
          </reporter-output>
        </test-method> <!-- tearDown -->
      </class> <!-- com.epam.makeMytripTests.FlightsCheckingController -->
    </test> <!-- Default test -->
  </suite> <!-- Default suite -->
</testng-results>
