<?xml version="1.0" encoding="UTF-8"?>
<!-- Generated by org.testng.reporters.JUnitXMLReporter -->
<testsuite ignored="0" hostname="LAPTOP-Q732QR57" failures="0" tests="3" name="Default test" time="3.433" errors="0" timestamp="2019-12-08T21:49:51 IST">
  <testcase classname="testcases.TC002_Get_Single_Employee_Data" name="CheckResponseBody" time="0.11"/>
  <testcase classname="testcases.TC002_Get_Single_Employee_Data" name="CheckResponseTime" time="0.007"/>
  <testcase classname="testcases.TC002_Get_Single_Employee_Data" name="CheckStatusCode" time="0.004"/>
</testsuite> <!-- Default test -->
